MPASM 5.63  /HOME/BEN/DOCUMENTS/EMBEDDED-SYS   10-20-2015  19:59:59         PAGE  1


LOC  OBJECT CODE     LINE SOURCE TEXT
  VALUE

                      00001 ; 8-Bit Linear Feedback Shift Register on PIC Development Board
                      00002 ; Ben Lorenzetti
                      00003 ; Embedded Systems Design, Fall 2015
                      00004 
                      00005 #include <p16f887.inc>
                      00001         LIST
                      00002 
                      00003 ;==========================================================================
                      00004 ; Build date : Aug 13 2015
                      00005 ;  MPASM PIC16F887 processor include
                      00006 ; 
                      00007 ;  (c) Copyright 1999-2015 Microchip Technology, All rights reserved
                      00008 ;==========================================================================
                      00009 
                      00810         LIST
2007   20C4           00006         __CONFIG        _CONFIG1, _LVP_OFF & _FCMEN_OFF & _IESO_OFF & _BOR_OFF & _CPD_OFF & _CP_OFF & _M
                            CLRE_OFF & _PWRTE_ON & _WDT_OFF & _INTRC_OSC_NOCLKOUT
2008   3EFF           00007         __CONFIG        _CONFIG2, _WRT_OFF & _BOR21V
                      00008 
                      00009 ;-----------LFSR Bit/Byte Sizes, Tap Locations, and Initial Values------------;
                      00010 #define LSFR_SIZE 1             ; LSFR byte size
                      00011 #define LSFR1_TAP_MASK  0xB8
                      00012 #define LSFR1_BIT_SIZE  8
                      00013 #define INITIAL_VALUE   1
                      00014 
                      00015 
                      00016 ;--------------------Allocate Static Variables----------------------;
                      00017         cblock  0x20
  00000020            00018         OUTER_DELAY
  00000021            00019         MIDDLE_DELAY
  00000022            00020         INNER_DELAY
  00000023            00021         REMAINDER_DELAY
  00000024            00022         BYTE_INDEX
  00000025            00023         PROP_SIGNAL
  00000026            00024         COUNTER
  00000027            00025         LOCAL_LSFR: LSFR_SIZE
  00000028            00026         LSFR1: LSFR_SIZE
                      00027         endc
                      00028 
                      00029 ;-----------------------Organize Program Memory---------------------;
0000                  00030 Reset_Vector:
0000                  00031         ORG 0
0000   281D           00032         GOTO Initialize
                      00033 
0001                  00034 Interupt_Vector:
0004                  00035         ORG 4
                      00036 
                      00037 
                      00038 #define OUTER_MAX_PLUS_1 65
                      00039 #define MIDDLE_MAX_PLUS_1 126
                      00040 #define INNER_MAX_PLUS_1 126
                      00041 #define REMAINDER 1
                      00042 ;-------------------- void Pause_1_Second () -----------------------;
MPASM 5.63  /HOME/BEN/DOCUMENTS/EMBEDDED-SYS   10-20-2015  19:59:59         PAGE  2


LOC  OBJECT CODE     LINE SOURCE TEXT
  VALUE

0004                  00043 Pause_1_Second:
0004   3065           00044         MOVLW   OUTER_MAX_PLUS_1
0005   00A0           00045         MOVWF   OUTER_DELAY
0006   3001           00046         MOVLW   REMAINDER
0007   00A3           00047         MOVWF   REMAINDER_DELAY
0008                  00048 Inner_Loop:
0008   0BA2           00049         DECFSZ  INNER_DELAY, f
0009   2808           00050         GOTO    Inner_Loop
Warning[202]: Argument out of range.  Least significant bits used.
000A   3026           00051         MOVLW   INNER_MAX_PLUS_1
000B   00A2           00052         MOVWF   INNER_DELAY
000C                  00053 Middle_Loop:
000C   0BA1           00054         DECFSZ  MIDDLE_DELAY, f
000D   2808           00055         GOTO    Inner_Loop
Warning[202]: Argument out of range.  Least significant bits used.
000E   3026           00056         MOVLW   MIDDLE_MAX_PLUS_1
000F   00A1           00057         MOVWF   MIDDLE_DELAY
0010                  00058 Outer_Loop:
0010   0BA0           00059         DECFSZ  OUTER_DELAY, f
0011   2808           00060         GOTO    Inner_Loop
0012                  00061 Remainder_Loop:
0012   0BA3           00062         DECFSZ  REMAINDER_DELAY, f
0013   2812           00063         GOTO    Remainder_Loop
0014   0008           00064         RETURN
                      00065  
                      00066 ;------------Linear XOR Cascade Function----------------------------;
0015                  00067 Linear_Function:
0015   01A5           00068         CLRF    PROP_SIGNAL
0016                  00069 Propagation_Loop:
0016   0CA7           00070         RRF     LOCAL_LSFR, 1   ; shift LSFR right 1 bit
0017   0803           00071         MOVFW   STATUS          ; get status register for its carry bit
0018   3901           00072         ANDLW   1               ; keep only the carry bit
0019   07A5           00073         ADDWF   PROP_SIGNAL, 1  ; add carry bit to propagation signal
001A   0BA6           00074         DECFSZ  COUNTER, 1      ; decrement counter and break if zero
001B   2816           00075         GOTO    Propagation_Loop
001C   0008           00076         RETURN
                      00077 
                      00078 
                      00079 ;-------------------Initialize Data Memory--------------------------;
001D                  00080 Initialize:
                      00081         ;---------- Initialize I/O
001D   1683 1303      00082         BANKSEL TRISD           ; select Register Bank 1
Message[302]: Register in operand not in bank 0.  Ensure that bank bits are correct.
001F   0188           00083         CLRF    TRISD           ; make Port D all output pins
0020   1283 1303      00084         BANKSEL PORTD           ; back to Register Bank 0
                      00085         ;-----------Initialize LSFRs--------------------------------;
0022   3001           00086         MOVLW   INITIAL_VALUE
0023   00A8           00087         MOVWF   LSFR1
                      00088 
                      00089 ;---------------Begin Main Program Loop-----------------------------;
0024                  00090 Main:
                      00091         ;-------------Update LED Display----------------------------;
0024   0828           00092         MOVFW   LSFR1
MPASM 5.63  /HOME/BEN/DOCUMENTS/EMBEDDED-SYS   10-20-2015  19:59:59         PAGE  3


LOC  OBJECT CODE     LINE SOURCE TEXT
  VALUE

0025   0088           00093         MOVWF   PORTD
                      00094         ;-----------Copy Parameters Prior to Function Call----------;
0026   30B8           00095         MOVLW   LSFR1_TAP_MASK
0027   0528           00096         ANDWF   LSFR1, 0        ; AND LSFR1 with its TAP_MASK and store in W
0028   00A7           00097         MOVWF   LOCAL_LSFR      ; make local copy for function
0029   3008           00098         MOVLW   LSFR1_BIT_SIZE
002A   00A6           00099         MOVWF   COUNTER         ; pass LSFR bit size by copy
                      00100         ;-----------Call Linear XOR Function -----------------------;
002B   2015           00101         CALL    Linear_Function
                      00102         ;----------Shift and Feedback the Register------------------;
002C   0C25           00103         RRF     PROP_SIGNAL, 0  ; move the return bit into STATUS, C
002D   0DA8           00104         RLF     LSFR1, 1        ; shift LSFR with carry bit feeding in
                      00105         ;---------------Delay and Repeat----------------------------;
002E   2004           00106         CALL    Pause_1_Second
002F   2824           00107         GOTO    Main
                      00108 
                      00109         END
MPASM 5.63  /HOME/BEN/DOCUMENTS/EMBEDDED-SYS   10-20-2015  19:59:59         PAGE  4


SYMBOL TABLE
  LABEL                             VALUE 

ABDEN                             00000000
ABDOVF                            00000007
ACKDT                             00000005
ACKEN                             00000004
ACKSTAT                           00000006
ADCON0                            0000001F
ADCON1                            0000009F
ADCS0                             00000006
ADCS1                             00000007
ADDEN                             00000003
ADFM                              00000007
ADIE                              00000006
ADIF                              00000006
ADON                              00000000
ADRESH                            0000001E
ADRESL                            0000009E
ANS0                              00000000
ANS1                              00000001
ANS10                             00000002
ANS11                             00000003
ANS12                             00000004
ANS13                             00000005
ANS2                              00000002
ANS3                              00000003
ANS4                              00000004
ANS5                              00000005
ANS6                              00000006
ANS7                              00000007
ANS8                              00000000
ANS9                              00000001
ANSEL                             00000188
ANSELH                            00000189
BAUDCTL                           00000187
BCLIE                             00000003
BCLIF                             00000003
BF                                00000000
BRG0                              00000000
BRG1                              00000001
BRG10                             00000002
BRG11                             00000003
BRG12                             00000004
BRG13                             00000005
BRG14                             00000006
BRG15                             00000007
BRG16                             00000003
BRG2                              00000002
BRG3                              00000003
BRG4                              00000004
BRG5                              00000005
BRG6                              00000006
BRG7                              00000007
BRG8                              00000000
BRG9                              00000001
MPASM 5.63  /HOME/BEN/DOCUMENTS/EMBEDDED-SYS   10-20-2015  19:59:59         PAGE  5


SYMBOL TABLE
  LABEL                             VALUE 

BRGH                              00000002
BYTE_INDEX                        00000024
C                                 00000000
C1CH0                             00000000
C1CH1                             00000001
C1IE                              00000005
C1IF                              00000005
C1OE                              00000005
C1ON                              00000007
C1OUT                             00000006
C1POL                             00000004
C1R                               00000002
C1RSEL                            00000005
C1SEN                             00000005
C2CH0                             00000000
C2CH1                             00000001
C2IE                              00000006
C2IF                              00000006
C2OE                              00000005
C2ON                              00000007
C2OUT                             00000006
C2POL                             00000004
C2R                               00000002
C2REN                             00000004
C2RSEL                            00000004
C2SYNC                            00000000
CCP1CON                           00000017
CCP1IE                            00000002
CCP1IF                            00000002
CCP1M0                            00000000
CCP1M1                            00000001
CCP1M2                            00000002
CCP1M3                            00000003
CCP1X                             00000005
CCP1Y                             00000004
CCP2CON                           0000001D
CCP2IE                            00000000
CCP2IF                            00000000
CCP2M0                            00000000
CCP2M1                            00000001
CCP2M2                            00000002
CCP2M3                            00000003
CCP2X                             00000005
CCP2Y                             00000004
CCPR1                             00000015
CCPR1H                            00000016
CCPR1L                            00000015
CCPR2                             0000001B
CCPR2H                            0000001C
CCPR2L                            0000001B
CHS0                              00000002
CHS1                              00000003
CHS2                              00000004
MPASM 5.63  /HOME/BEN/DOCUMENTS/EMBEDDED-SYS   10-20-2015  19:59:59         PAGE  6


SYMBOL TABLE
  LABEL                             VALUE 

CHS3                              00000005
CKE                               00000006
CKP                               00000004
CM1CON0                           00000107
CM2CON0                           00000108
CM2CON1                           00000109
COUNTER                           00000026
CREN                              00000004
CSRC                              00000007
D                                 00000005
DATA_ADDRESS                      00000005
DC                                00000001
DC1B0                             00000004
DC1B1                             00000005
DC2B0                             00000004
DC2B1                             00000005
D_A                               00000005
D_NOT_A                           00000005
ECCPAS                            0000009C
ECCPAS0                           00000004
ECCPAS1                           00000005
ECCPAS2                           00000006
ECCPASE                           00000007
EEADR                             0000010D
EEADRH                            0000010F
EECON1                            0000018C
EECON2                            0000018D
EEDAT                             0000010C
EEDATA                            0000010C
EEDATH                            0000010E
EEIE                              00000004
EEIF                              00000004
EEPGD                             00000007
F                                 00000001
FERR                              00000002
FSR                               00000004
FVREN                             00000000
GCEN                              00000007
GIE                               00000007
GO                                00000001
GO_DONE                           00000001
GO_NOT_DONE                       00000001
HTS                               00000002
I2C_DATA                          00000005
I2C_READ                          00000002
I2C_START                         00000003
I2C_STOP                          00000004
INDF                              00000000
INITIAL_VALUE                     1
INNER_DELAY                       00000022
INNER_MAX_PLUS_1                  126
INTCON                            0000000B
INTE                              00000004
MPASM 5.63  /HOME/BEN/DOCUMENTS/EMBEDDED-SYS   10-20-2015  19:59:59         PAGE  7


SYMBOL TABLE
  LABEL                             VALUE 

INTEDG                            00000006
INTF                              00000001
IOCB                              00000096
IOCB0                             00000000
IOCB1                             00000001
IOCB2                             00000002
IOCB3                             00000003
IOCB4                             00000004
IOCB5                             00000005
IOCB6                             00000006
IOCB7                             00000007
IRCF0                             00000004
IRCF1                             00000005
IRCF2                             00000006
IRP                               00000007
Initialize                        0000001D
Inner_Loop                        00000008
Interupt_Vector                   00000001
LOCAL_LSFR                        00000027
LSFR1                             00000028
LSFR1_BIT_SIZE                    8
LSFR1_TAP_MASK                    0xB8
LSFR_SIZE                         1
LTS                               00000001
Linear_Function                   00000015
MC1OUT                            00000007
MC2OUT                            00000006
MIDDLE_DELAY                      00000021
MIDDLE_MAX_PLUS_1                 126
MSK                               00000093
MSK0                              00000000
MSK1                              00000001
MSK2                              00000002
MSK3                              00000003
MSK4                              00000004
MSK5                              00000005
MSK6                              00000006
MSK7                              00000007
Main                              00000024
Middle_Loop                       0000000C
NOT_A                             00000005
NOT_ADDRESS                       00000005
NOT_BO                            00000000
NOT_BOR                           00000000
NOT_DONE                          00000001
NOT_PD                            00000003
NOT_POR                           00000001
NOT_RBPU                          00000007
NOT_RC8                           00000006
NOT_T1SYNC                        00000002
NOT_TO                            00000004
NOT_TX8                           00000006
NOT_W                             00000002
MPASM 5.63  /HOME/BEN/DOCUMENTS/EMBEDDED-SYS   10-20-2015  19:59:59         PAGE  8


SYMBOL TABLE
  LABEL                             VALUE 

NOT_WRITE                         00000002
OERR                              00000001
OPTION_REG                        00000081
OSCCON                            0000008F
OSCTUNE                           00000090
OSFIE                             00000007
OSFIF                             00000007
OSTS                              00000003
OUTER_DELAY                       00000020
OUTER_MAX_PLUS_1                  65
Outer_Loop                        00000010
P                                 00000004
P1M0                              00000006
P1M1                              00000007
PCL                               00000002
PCLATH                            0000000A
PCON                              0000008E
PDC0                              00000000
PDC1                              00000001
PDC2                              00000002
PDC3                              00000003
PDC4                              00000004
PDC5                              00000005
PDC6                              00000006
PEIE                              00000006
PEN                               00000002
PIE1                              0000008C
PIE2                              0000008D
PIR1                              0000000C
PIR2                              0000000D
PORTA                             00000005
PORTB                             00000006
PORTC                             00000007
PORTD                             00000008
PORTE                             00000009
PR2                               00000092
PROP_SIGNAL                       00000025
PRSEN                             00000007
PS0                               00000000
PS1                               00000001
PS2                               00000002
PSA                               00000003
PSSAC0                            00000002
PSSAC1                            00000003
PSSBD0                            00000000
PSSBD1                            00000001
PSTRCON                           0000009D
PULSR                             00000002
PULSS                             00000003
PWM1CON                           0000009B
Pause_1_Second                    00000004
Propagation_Loop                  00000016
R                                 00000002
MPASM 5.63  /HOME/BEN/DOCUMENTS/EMBEDDED-SYS   10-20-2015  19:59:59         PAGE  9


SYMBOL TABLE
  LABEL                             VALUE 

RA0                               00000000
RA1                               00000001
RA2                               00000002
RA3                               00000003
RA4                               00000004
RA5                               00000005
RA6                               00000006
RA7                               00000007
RB0                               00000000
RB1                               00000001
RB2                               00000002
RB3                               00000003
RB4                               00000004
RB5                               00000005
RB6                               00000006
RB7                               00000007
RBIE                              00000003
RBIF                              00000000
RC0                               00000000
RC1                               00000001
RC2                               00000002
RC3                               00000003
RC4                               00000004
RC5                               00000005
RC6                               00000006
RC7                               00000007
RC8_9                             00000006
RC9                               00000006
RCD8                              00000000
RCEN                              00000003
RCIDL                             00000006
RCIE                              00000005
RCIF                              00000005
RCREG                             0000001A
RCSTA                             00000018
RD                                00000000
RD0                               00000000
RD1                               00000001
RD2                               00000002
RD3                               00000003
RD4                               00000004
RD5                               00000005
RD6                               00000006
RD7                               00000007
RE0                               00000000
RE1                               00000001
RE2                               00000002
RE3                               00000003
READ_WRITE                        00000002
REMAINDER                         1
REMAINDER_DELAY                   00000023
RP0                               00000005
RP1                               00000006
MPASM 5.63  /HOME/BEN/DOCUMENTS/EMBEDDED-SYS   10-20-2015  19:59:59         PAGE 10


SYMBOL TABLE
  LABEL                             VALUE 

RSEN                              00000001
RX9                               00000006
RX9D                              00000000
R_NOT_W                           00000002
R_W                               00000002
Remainder_Loop                    00000012
Reset_Vector                      00000000
S                                 00000003
SBOREN                            00000004
SCKP                              00000004
SCS                               00000000
SEN                               00000000
SENDB                             00000003
SMP                               00000007
SPBRG                             00000099
SPBRGH                            0000009A
SPEN                              00000007
SR0                               00000006
SR1                               00000007
SRCON                             00000185
SREN                              00000005
SSPADD                            00000093
SSPBUF                            00000013
SSPCON                            00000014
SSPCON2                           00000091
SSPEN                             00000005
SSPIE                             00000003
SSPIF                             00000003
SSPM0                             00000000
SSPM1                             00000001
SSPM2                             00000002
SSPM3                             00000003
SSPMSK                            00000093
SSPOV                             00000006
SSPSTAT                           00000094
STATUS                            00000003
STRA                              00000000
STRB                              00000001
STRC                              00000002
STRD                              00000003
STRSYNC                           00000004
SWDTEN                            00000000
SYNC                              00000004
T0CS                              00000005
T0IE                              00000005
T0IF                              00000002
T0SE                              00000004
T1CKPS0                           00000004
T1CKPS1                           00000005
T1CON                             00000010
T1GINV                            00000007
T1GIV                             00000007
T1GSS                             00000001
MPASM 5.63  /HOME/BEN/DOCUMENTS/EMBEDDED-SYS   10-20-2015  19:59:59         PAGE 11


SYMBOL TABLE
  LABEL                             VALUE 

T1INSYNC                          00000002
T1OSCEN                           00000003
T1SYNC                            00000002
T2CKPS0                           00000000
T2CKPS1                           00000001
T2CON                             00000012
TMR0                              00000001
TMR0IE                            00000005
TMR0IF                            00000002
TMR1                              0000000E
TMR1CS                            00000001
TMR1GE                            00000006
TMR1H                             0000000F
TMR1IE                            00000000
TMR1IF                            00000000
TMR1L                             0000000E
TMR1ON                            00000000
TMR2                              00000011
TMR2IE                            00000001
TMR2IF                            00000001
TMR2ON                            00000002
TOUTPS0                           00000003
TOUTPS1                           00000004
TOUTPS2                           00000005
TOUTPS3                           00000006
TRISA                             00000085
TRISA0                            00000000
TRISA1                            00000001
TRISA2                            00000002
TRISA3                            00000003
TRISA4                            00000004
TRISA5                            00000005
TRISA6                            00000006
TRISA7                            00000007
TRISB                             00000086
TRISB0                            00000000
TRISB1                            00000001
TRISB2                            00000002
TRISB3                            00000003
TRISB4                            00000004
TRISB5                            00000005
TRISB6                            00000006
TRISB7                            00000007
TRISC                             00000087
TRISC0                            00000000
TRISC1                            00000001
TRISC2                            00000002
TRISC3                            00000003
TRISC4                            00000004
TRISC5                            00000005
TRISC6                            00000006
TRISC7                            00000007
TRISD                             00000088
MPASM 5.63  /HOME/BEN/DOCUMENTS/EMBEDDED-SYS   10-20-2015  19:59:59         PAGE 12


SYMBOL TABLE
  LABEL                             VALUE 

TRISD0                            00000000
TRISD1                            00000001
TRISD2                            00000002
TRISD3                            00000003
TRISD4                            00000004
TRISD5                            00000005
TRISD6                            00000006
TRISD7                            00000007
TRISE                             00000089
TRISE0                            00000000
TRISE1                            00000001
TRISE2                            00000002
TRISE3                            00000003
TRMT                              00000001
TUN0                              00000000
TUN1                              00000001
TUN2                              00000002
TUN3                              00000003
TUN4                              00000004
TX8_9                             00000006
TX9                               00000006
TX9D                              00000000
TXD8                              00000000
TXEN                              00000005
TXIE                              00000004
TXIF                              00000004
TXREG                             00000019
TXSTA                             00000098
UA                                00000001
ULPWUE                            00000005
ULPWUIE                           00000002
ULPWUIF                           00000002
VCFG0                             00000004
VCFG1                             00000005
VR0                               00000000
VR1                               00000001
VR2                               00000002
VR3                               00000003
VRCON                             00000097
VREN                              00000007
VROE                              00000006
VRR                               00000005
VRSS                              00000004
W                                 00000000
WCOL                              00000007
WDTCON                            00000105
WDTPS0                            00000001
WDTPS1                            00000002
WDTPS2                            00000003
WDTPS3                            00000004
WPUB                              00000095
WPUB0                             00000000
WPUB1                             00000001
MPASM 5.63  /HOME/BEN/DOCUMENTS/EMBEDDED-SYS   10-20-2015  19:59:59         PAGE 13


SYMBOL TABLE
  LABEL                             VALUE 

WPUB2                             00000002
WPUB3                             00000003
WPUB4                             00000004
WPUB5                             00000005
WPUB6                             00000006
WPUB7                             00000007
WR                                00000001
WREN                              00000002
WRERR                             00000003
WUE                               00000001
Z                                 00000002
_BOR21V                           00003EFF
_BOR40V                           00003FFF
_BOR4V_BOR21V                     00003EFF
_BOR4V_BOR40V                     00003FFF
_BOREN_NSLEEP                     00003EFF
_BOREN_OFF                        00003CFF
_BOREN_ON                         00003FFF
_BOREN_SBODEN                     00003DFF
_BOR_NSLEEP                       00003EFF
_BOR_OFF                          00003CFF
_BOR_ON                           00003FFF
_BOR_SBODEN                       00003DFF
_CONFIG1                          00002007
_CONFIG2                          00002008
_CPD_OFF                          00003FFF
_CPD_ON                           00003F7F
_CP_OFF                           00003FFF
_CP_ON                            00003FBF
_DEBUG_OFF                        00003FFF
_DEBUG_ON                         00001FFF
_DEVID1                           00002006
_EC_OSC                           00003FFB
_EXTRC                            00003FFF
_EXTRCIO                          00003FFE
_EXTRC_OSC_CLKOUT                 00003FFF
_EXTRC_OSC_NOCLKOUT               00003FFE
_FCMEN_OFF                        000037FF
_FCMEN_ON                         00003FFF
_FOSC_EC                          00003FFB
_FOSC_EXTRC_CLKOUT                00003FFF
_FOSC_EXTRC_NOCLKOUT              00003FFE
_FOSC_HS                          00003FFA
_FOSC_INTRC_CLKOUT                00003FFD
_FOSC_INTRC_NOCLKOUT              00003FFC
_FOSC_LP                          00003FF8
_FOSC_XT                          00003FF9
_HS_OSC                           00003FFA
_IDLOC0                           00002000
_IDLOC1                           00002001
_IDLOC2                           00002002
_IDLOC3                           00002003
_IESO_OFF                         00003BFF
MPASM 5.63  /HOME/BEN/DOCUMENTS/EMBEDDED-SYS   10-20-2015  19:59:59         PAGE 14


SYMBOL TABLE
  LABEL                             VALUE 

_IESO_ON                          00003FFF
_INTOSC                           00003FFD
_INTOSCIO                         00003FFC
_INTRC_OSC_CLKOUT                 00003FFD
_INTRC_OSC_NOCLKOUT               00003FFC
_LP_OSC                           00003FF8
_LVP_OFF                          00002FFF
_LVP_ON                           00003FFF
_MCLRE_OFF                        00003FDF
_MCLRE_ON                         00003FFF
_PWRTE_OFF                        00003FFF
_PWRTE_ON                         00003FEF
_WDTE_OFF                         00003FF7
_WDTE_ON                          00003FFF
_WDT_OFF                          00003FF7
_WDT_ON                           00003FFF
_WRT_1FOURTH                      00003BFF
_WRT_256                          00003DFF
_WRT_HALF                         000039FF
_WRT_OFF                          00003FFF
_XT_OSC                           00003FF9
__16F887                          00000001


MEMORY USAGE MAP ('X' = Used,  '-' = Unused)

0000 : X---XXXXXXXXXXXX XXXXXXXXXXXXXXXX XXXXXXXXXXXXXXXX ----------------
2000 : -------XX------- ---------------- ---------------- ----------------

All other memory blocks unused.

Program Memory Words Used:    45
Program Memory Words Free:  8147


Errors   :     0
Warnings :     2 reported,     0 suppressed
Messages :     1 reported,     0 suppressed

